<?xml version="1.0" encoding="UTF-8"?>
<!-- Generated by org.testng.reporters.JUnitReportReporter -->
<testsuite hostname="DESKTOP-9TVTVUL" failures="0" tests="3" name="TestNG.DependsOnMethod" time="23.989" errors="0" timestamp="17 May 2024 04:46:26 GMT">
  <testcase classname="TestNG.DependsOnMethod" name="createAccount" time="2.362"/>
  <testcase classname="TestNG.DependsOnMethod" name="DeleteAccount" time="10.058"/>
  <testcase classname="TestNG.DependsOnMethod" name="modifyAccount" time="11.569"/>
</testsuite> <!-- TestNG.DependsOnMethod -->
