<?xml version="1.0" encoding="UTF-8"?>
<!-- Generated by org.testng.reporters.JUnitReportReporter -->
<testsuite hostname="DESKTOP-9TVTVUL" failures="0" tests="1" name="testNgFashion.amazonFashion" time="5.128" errors="0" timestamp="20 May 2024 06:41:57 GMT" skipped="0">
  <testcase classname="testNgFashion.amazonFashion" name="amazon" time="5.128"/>
</testsuite> <!-- testNgFashion.amazonFashion -->
