<?xml version="1.0" encoding="UTF-8"?>
<!-- Generated by org.testng.reporters.JUnitReportReporter -->
<testsuite hostname="DESKTOP-9TVTVUL" failures="0" tests="1" name="TestNG.DemoScroll" time="0.029" errors="0" timestamp="22 May 2024 05:23:34 GMT" skipped="0">
  <testcase classname="TestNG.DemoScroll" name="scroll" time="0.029"/>
</testsuite> <!-- TestNG.DemoScroll -->
