<?xml version="1.0" encoding="UTF-8"?>
<!-- Generated by org.testng.reporters.JUnitReportReporter -->
<testsuite hostname="DESKTOP-9TVTVUL" failures="0" tests="1" name="TestngTravel.redbus" time="8.996" errors="0" timestamp="20 May 2024 06:18:02 GMT" skipped="0">
  <testcase classname="TestngTravel.redbus" name="Redbus" time="8.996"/>
</testsuite> <!-- TestngTravel.redbus -->
